2026-04-20 08:00:01 [INFO] Service started on port 8080
2026-04-20 08:00:02 [INFO] Loaded configuration from /etc/app/config.yml
2026-04-20 08:00:03 [INFO] Database connection established
2026-04-20 08:12:45 [WARNING] Slow query detected (1.4s) on orders table
2026-04-20 08:14:10 [INFO] User 1045 logged in
2026-04-20 08:17:22 [ERROR] Connection refused by upstream service auth-svc
2026-04-20 08:17:25 [ERROR] Connection refused by upstream service auth-svc
2026-04-20 08:17:29 [WARNING] Retrying connection (attempt 1/3)
2026-04-20 08:17:35 [ERROR] Connection refused by upstream service auth-svc
2026-04-20 08:18:02 [INFO] User 1045 session refreshed
2026-04-20 08:30:14 [WARN] Disk usage at 82% on /var
2026-04-20 09:01:55 [ERROR] Null reference exception in OrderController.Process
2026-04-20 09:02:01 [INFO] Background job completed: nightly-report
2026-04-20 09:14:42 [ERROR] Timeout while calling payment-service
2026-04-20 09:14:47 [ERROR] Timeout while calling payment-service
2026-04-20 09:30:01 [INFO] Scheduled cleanup job started
2026-04-20 09:30:08 [INFO] Scheduled cleanup job finished (deleted 142 files)
2026-04-20 10:02:11 [WARNING] Slow query detected (2.1s) on orders table
2026-04-20 10:45:19 [FATAL] Out of memory in worker process worker-3
2026-04-20 10:45:20 [INFO] Worker worker-3 restarted
2026-04-20 11:12:33 [ERROR] Connection refused by upstream service auth-svc
2026-04-20 11:30:00 [INFO] Health check OK
2026-04-20 12:00:00 [INFO] Health check OK
2026-04-20 13:17:42 [WARNING] Deprecated API endpoint /v1/users called by client 10.0.2.14
2026-04-20 14:05:55 [ERROR] Null reference exception in OrderController.Process
2026-04-20 15:30:01 [INFO] Health check OK
2026-04-20 16:12:09 [ERROR] Timeout while calling payment-service
2026-04-20 17:00:00 [INFO] Backup started
2026-04-20 17:02:18 [INFO] Backup completed successfully
2026-04-20 18:41:23 [WARNING] Slow query detected (1.8s) on orders table
2026-04-20 19:55:01 [INFO] User 2310 logged in
2026-04-20 20:00:14 [ERROR] Connection refused by upstream service auth-svc
2026-04-20 22:00:00 [INFO] Daily metrics snapshot saved
2026-04-20 23:59:59 [INFO] End of day
